TN:
SF:src\App.tsx
FN:3,App
FNF:1
FNH:1
FNDA:3,App
DA:1,1
DA:2,1
DA:3,3
DA:4,3
DA:5,3
DA:6,1
DA:7,1
LF:7
LH:7
BRDA:3,0,0,3
BRF:1
BRH:1
end_of_record
TN:
SF:src\components\WidgetForm.tsx
FN:3,WidgetForm
FN:8,handleSubmit
FN:41,onChange
FNF:3
FNH:1
FNDA:5,WidgetForm
FNDA:0,handleSubmit
FNDA:0,onChange
DA:1,1
DA:2,1
DA:3,1
DA:4,5
DA:5,5
DA:6,5
DA:7,5
DA:8,5
DA:9,0
DA:10,0
DA:11,0
DA:12,5
DA:13,5
DA:14,3
DA:15,5
DA:16,5
DA:17,5
DA:18,5
DA:19,5
DA:20,5
DA:21,5
DA:22,5
DA:23,5
DA:24,5
DA:25,5
DA:26,5
DA:27,5
DA:28,5
DA:29,5
DA:30,5
DA:31,5
DA:32,5
DA:33,5
DA:34,5
DA:35,5
DA:36,5
DA:37,5
DA:38,5
DA:39,5
DA:40,5
DA:41,5
DA:42,5
DA:43,5
DA:44,5
DA:45,5
DA:46,5
DA:47,5
DA:48,5
DA:49,5
DA:50,5
DA:51,5
DA:52,5
DA:53,5
DA:54,5
LF:54
LH:51
BRDA:3,0,0,5
BRDA:13,1,0,3
BRDA:14,2,0,0
BRF:3
BRH:2
end_of_record
